<?xml version="1.0" encoding="utf-8" standalone="no"?>
<!--This file represents the results of running a test suite-->
<test-results name="D:\WORKSPACE\Apps\_TestStack\mwhelan\TestStack.Seleno\Build\Test\TestStack.Seleno.Tests.dll" total="3" errors="0" failures="0" not-run="0" inconclusive="0" ignored="0" skipped="0" invalid="0" date="2012-08-22" time="08:58:38">
  <environment nunit-version="2.5.6.10205" clr-version="2.0.50727.5456" os-version="Microsoft Windows NT 6.1.7601 Service Pack 1" platform="Win32NT" cwd="D:\WORKSPACE\Apps\_TestStack\mwhelan\TestStack.Seleno" machine-name="WHELANM-PC" user="whelanm" user-domain="whelanm-PC" />
  <culture-info current-culture="en-GB" current-uiculture="en-US" />
  <test-suite type="Assembly" name="D:\WORKSPACE\Apps\_TestStack\mwhelan\TestStack.Seleno\Build\Test\TestStack.Seleno.Tests.dll" executed="True" result="Success" success="True" time="0.497" asserts="0">
    <results>
      <test-suite type="Namespace" name="TestStack" executed="True" result="Success" success="True" time="0.489" asserts="0">
        <results>
          <test-suite type="Namespace" name="Seleno" executed="True" result="Success" success="True" time="0.488" asserts="0">
            <results>
              <test-suite type="Namespace" name="Tests" executed="True" result="Success" success="True" time="0.488" asserts="0">
                <results>
                  <test-suite type="Namespace" name="Extensions" executed="True" result="Success" success="True" time="0.067" asserts="0">
                    <results>
                      <test-suite type="TestFixture" name="TypeExtensionsTests" executed="True" result="Success" success="True" time="0.064" asserts="0">
                        <results>
                          <test-case name="TestStack.Seleno.Tests.Extensions.TypeExtensionsTests.TryConvertTo" executed="True" result="Success" success="True" time="0.053" asserts="4" />
                        </results>
                      </test-suite>
                    </results>
                  </test-suite>
                  <test-suite type="Namespace" name="PageObjects" executed="True" result="Success" success="True" time="0.416" asserts="0">
                    <results>
                      <test-suite type="TestFixture" name="when_executing_script_and_changing_return_type_with_UiComponent" executed="True" result="Success" success="True" time="0.415" asserts="0">
                        <results>
                          <test-case name="TestStack.Seleno.Tests.PageObjects.when_executing_script_and_changing_return_type_with_UiComponent.should_cast_the_return_type_to_the_specified_type" executed="True" result="Success" success="True" time="0.022" asserts="0" />
                          <test-case name="TestStack.Seleno.Tests.PageObjects.when_executing_script_and_changing_return_type_with_UiComponent.should_execute_given_javascript" executed="True" result="Success" success="True" time="0.009" asserts="0" />
                        </results>
                      </test-suite>
                    </results>
                  </test-suite>
                </results>
              </test-suite>
            </results>
          </test-suite>
        </results>
      </test-suite>
    </results>
  </test-suite>
</test-results>